#
# There is insufficient memory for the Java Runtime Environment to continue.
# Native memory allocation (mmap) failed to map 124256256 bytes for committing reserved memory.
# Possible reasons:
#   The system is out of physical RAM or swap space
#   In 32 bit mode, the process size limit was hit
# Possible solutions:
#   Reduce memory load on the system
#   Increase physical memory or swap space
#   Check if swap backing store is full
#   Use 64 bit Java on a 64 bit OS
#   Decrease Java heap size (-Xmx/-Xms)
#   Decrease number of Java threads
#   Decrease Java thread stack sizes (-Xss)
#   Set larger code cache with -XX:ReservedCodeCacheSize=
# This output file may be truncated or incomplete.
#
#  Out of Memory Error (os_linux.cpp:2640), pid=10274, tid=0x00007ff6b8934700
#
# JRE version: Java(TM) SE Runtime Environment (8.0_161-b12) (build 1.8.0_161-b12)
# Java VM: Java HotSpot(TM) 64-Bit Server VM (25.161-b12 mixed mode linux-amd64 compressed oops)
# Failed to write core dump. Core dumps have been disabled. To enable core dumping, try "ulimit -c unlimited" before starting Java again
#

---------------  T H R E A D  ---------------

Current thread (0x00007ff6cc07a000):  VMThread [stack: 0x00007ff6b8834000,0x00007ff6b8935000] [id=10285]

Stack: [0x00007ff6b8834000,0x00007ff6b8935000],  sp=0x00007ff6b8933020,  free space=1020k
Native frames: (J=compiled Java code, j=interpreted, Vv=VM code, C=native code)
V  [libjvm.so+0xacf94a]  VMError::report_and_die()+0x2ba
V  [libjvm.so+0x50050b]  report_vm_out_of_memory(char const*, int, unsigned long, VMErrorType, char const*)+0x8b
V  [libjvm.so+0x92b133]  os::Linux::commit_memory_impl(char*, unsigned long, bool)+0x103
V  [libjvm.so+0x92b5c9]  os::pd_commit_memory(char*, unsigned long, unsigned long, bool)+0x29
V  [libjvm.so+0x924c0a]  os::commit_memory(char*, unsigned long, unsigned long, bool)+0x2a
V  [libjvm.so+0x99ab53]  PSVirtualSpace::expand_by(unsigned long)+0x53
V  [libjvm.so+0x99bf58]  PSYoungGen::resize_generation(unsigned long, unsigned long)+0xf8
V  [libjvm.so+0x99b0b2]  PSYoungGen::resize(unsigned long, unsigned long)+0x22
V  [libjvm.so+0x99838b]  PSScavenge::invoke_no_policy()+0xf3b
V  [libjvm.so+0x998b11]  PSScavenge::invoke()+0x41
V  [libjvm.so+0x94f5a0]  ParallelScavengeHeap::failed_mem_allocate(unsigned long)+0x70
V  [libjvm.so+0xad13c7]  VM_ParallelGCFailedAllocation::doit()+0x97
V  [libjvm.so+0xad8ed5]  VM_Operation::evaluate()+0x55
V  [libjvm.so+0xad729a]  VMThread::evaluate_operation(VM_Operation*)+0xba
V  [libjvm.so+0xad761e]  VMThread::loop()+0x1ce
V  [libjvm.so+0xad7a90]  VMThread::run()+0x70
V  [libjvm.so+0x92da28]  java_start(Thread*)+0x108

VM_Operation (0x00007ff6984c08d0): ParallelGCFailedAllocation, mode: safepoint, requested by thread 0x00007ff6cc614800


---------------  P R O C E S S  ---------------

Java Threads: ( => current thread )
  0x00007ff6cc654800 JavaThread "/127.0.0.1:59962 to /127.0.0.1:38843 workers Thread 3" [_thread_in_native, id=10302, stack(0x00007ff6981c3000,0x00007ff6982c4000)]
  0x00007ff6cc62f800 JavaThread "/127.0.0.1:59962 to /127.0.0.1:38843 workers Thread 2" [_thread_blocked, id=10301, stack(0x00007ff6982c4000,0x00007ff6983c5000)]
  0x00007ff6cc614800 JavaThread "Test worker" [_thread_blocked, id=10300, stack(0x00007ff6983c5000,0x00007ff6984c6000)]
  0x00007ff6cc112800 JavaThread "Service Thread" daemon [_thread_blocked, id=10292, stack(0x00007ff69bbfc000,0x00007ff69bcfd000)]
  0x00007ff6cc10f800 JavaThread "C1 CompilerThread2" daemon [_thread_blocked, id=10291, stack(0x00007ff69bcfd000,0x00007ff69bdfe000)]
  0x00007ff6cc10d800 JavaThread "C2 CompilerThread1" daemon [_thread_blocked, id=10290, stack(0x00007ff69bdfe000,0x00007ff69beff000)]
  0x00007ff6cc109800 JavaThread "C2 CompilerThread0" daemon [_thread_blocked, id=10289, stack(0x00007ff69beff000,0x00007ff69c000000)]
  0x00007ff6cc10c800 JavaThread "Signal Dispatcher" daemon [_thread_blocked, id=10288, stack(0x00007ff6b8092000,0x00007ff6b8193000)]
  0x00007ff6cc086800 JavaThread "Finalizer" daemon [_thread_blocked, id=10287, stack(0x00007ff6b8632000,0x00007ff6b8733000)]
  0x00007ff6cc082000 JavaThread "Reference Handler" daemon [_thread_blocked, id=10286, stack(0x00007ff6b8733000,0x00007ff6b8834000)]
  0x00007ff6cc00c000 JavaThread "main" [_thread_blocked, id=10280, stack(0x00007ff6d53f7000,0x00007ff6d54f8000)]

Other Threads:
=>0x00007ff6cc07a000 VMThread [stack: 0x00007ff6b8834000,0x00007ff6b8935000] [id=10285]
  0x00007ff6cc118000 WatcherThread [stack: 0x00007ff69bafb000,0x00007ff69bbfc000] [id=10293]

VM state:at safepoint (normal execution)

VM Mutex/Monitor currently owned by a thread:  ([mutex/lock_event])
[0x00007ff6cc007000] Threads_lock - owner thread: 0x00007ff6cc07a000
[0x00007ff6cc007500] Heap_lock - owner thread: 0x00007ff6cc614800

Heap:
 PSYoungGen      total 128000K, used 5099K [0x00000000d8300000, 0x00000000e0500000, 0x0000000100000000)
  eden space 122880K, 0% used [0x00000000d8300000,0x00000000d8300000,0x00000000dfb00000)
  from space 5120K, 99% used [0x00000000dfb00000,0x00000000dfffac70,0x00000000e0000000)
  to   space 5120K, 0% used [0x00000000e0000000,0x00000000e0000000,0x00000000e0500000)
 ParOldGen       total 46592K, used 17696K [0x0000000088800000, 0x000000008b580000, 0x00000000d8300000)
  object space 46592K, 37% used [0x0000000088800000,0x0000000089948228,0x000000008b580000)
 Metaspace       used 32493K, capacity 33400K, committed 33536K, reserved 1079296K
  class space    used 4299K, capacity 4513K, committed 4608K, reserved 1048576K

Card table byte_map: [0x00007ff6d1988000,0x00007ff6d1d45000] byte_map_base: 0x00007ff6d1544000

Marking Bits: (ParMarkBitMap*) 0x00007ff6d48c7920
 Begin Bits: [0x00007ff6b9440000, 0x00007ff6bb220000)
 End Bits:   [0x00007ff6bb220000, 0x00007ff6bd000000)

Polling page: 0x00007ff6d551a000

CodeCache: size=245760Kb used=10275Kb max_used=10277Kb free=235484Kb
 bounds [0x00007ff6bd000000, 0x00007ff6bda20000, 0x00007ff6cc000000]
 total_blobs=3370 nmethods=2944 adapters=338
 compilation: enabled

Compilation events (10 events):
Event: 5,186 Thread 0x00007ff6cc109800 nmethod 2948 0x00007ff6bda0af90 code [0x00007ff6bda0b120, 0x00007ff6bda0b4f8]
Event: 5,393 Thread 0x00007ff6cc10d800 nmethod 2937 0x00007ff6bda0f210 code [0x00007ff6bda0f400, 0x00007ff6bda10200]
Event: 5,440 Thread 0x00007ff6cc10f800 2950       3       org.springframework.beans.factory.support.AbstractAutowireCapableBeanFactory::getObjectForBeanInstance (34 bytes)
Event: 5,574 Thread 0x00007ff6cc10f800 nmethod 2950 0x00007ff6bda0a4d0 code [0x00007ff6bda0a660, 0x00007ff6bda0aaa8]
Event: 5,597 Thread 0x00007ff6cc10f800 2952       3       java.net.URLClassLoader$1::run (5 bytes)
Event: 5,713 Thread 0x00007ff6cc10f800 nmethod 2952 0x00007ff6bda0a150 code [0x00007ff6bda0a2c0, 0x00007ff6bda0a448]
Event: 5,731 Thread 0x00007ff6cc10f800 2951       3       org.springframework.beans.factory.support.AbstractBeanFactory::getObjectForBeanInstance (144 bytes)
Event: 5,818 Thread 0x00007ff6cc109800 2954       4       org.springframework.beans.factory.support.AbstractBeanFactory::getMergedLocalBeanDefinition (31 bytes)
Event: 5,840 Thread 0x00007ff6cc10f800 nmethod 2951 0x00007ff6bda0c850 code [0x00007ff6bda0cb40, 0x00007ff6bda0e888]
Event: 5,846 Thread 0x00007ff6cc10f800 2953       3       org.springframework.beans.AbstractNestablePropertyAccessor::getWrappedInstance (22 bytes)

GC Heap History (10 events):
Event: 1,175 GC heap after
Heap after GC invocations=1 (full 0):
 PSYoungGen      total 35840K, used 5098K [0x00000000d8300000, 0x00000000dc900000, 0x0000000100000000)
  eden space 30720K, 0% used [0x00000000d8300000,0x00000000d8300000,0x00000000da100000)
  from space 5120K, 99% used [0x00000000da100000,0x00000000da5fabb0,0x00000000da600000)
  to   space 5120K, 0% used [0x00000000dc400000,0x00000000dc400000,0x00000000dc900000)
 ParOldGen       total 81920K, used 320K [0x0000000088800000, 0x000000008d800000, 0x00000000d8300000)
  object space 81920K, 0% used [0x0000000088800000,0x00000000888501d8,0x000000008d800000)
 Metaspace       used 10028K, capacity 10294K, committed 10624K, reserved 1058816K
  class space    used 1309K, capacity 1363K, committed 1408K, reserved 1048576K
}
Event: 1,584 GC heap before
{Heap before GC invocations=2 (full 0):
 PSYoungGen      total 35840K, used 35818K [0x00000000d8300000, 0x00000000dc900000, 0x0000000100000000)
  eden space 30720K, 100% used [0x00000000d8300000,0x00000000da100000,0x00000000da100000)
  from space 5120K, 99% used [0x00000000da100000,0x00000000da5fabb0,0x00000000da600000)
  to   space 5120K, 0% used [0x00000000dc400000,0x00000000dc400000,0x00000000dc900000)
 ParOldGen       total 81920K, used 320K [0x0000000088800000, 0x000000008d800000, 0x00000000d8300000)
  object space 81920K, 0% used [0x0000000088800000,0x00000000888501d8,0x000000008d800000)
 Metaspace       used 14052K, capacity 14452K, committed 14592K, reserved 1062912K
  class space    used 1820K, capacity 1942K, committed 2048K, reserved 1048576K
Event: 1,598 GC heap after
Heap after GC invocations=2 (full 0):
 PSYoungGen      total 66560K, used 5115K [0x00000000d8300000, 0x00000000dc900000, 0x0000000100000000)
  eden space 61440K, 0% used [0x00000000d8300000,0x00000000d8300000,0x00000000dbf00000)
  from space 5120K, 99% used [0x00000000dc400000,0x00000000dc8fedb8,0x00000000dc900000)
  to   space 5120K, 0% used [0x00000000dbf00000,0x00000000dbf00000,0x00000000dc400000)
 ParOldGen       total 81920K, used 1116K [0x0000000088800000, 0x000000008d800000, 0x00000000d8300000)
  object space 81920K, 1% used [0x0000000088800000,0x00000000889173d8,0x000000008d800000)
 Metaspace       used 14052K, capacity 14452K, committed 14592K, reserved 1062912K
  class space    used 1820K, capacity 1942K, committed 2048K, reserved 1048576K
}
Event: 2,274 GC heap before
{Heap before GC invocations=3 (full 0):
 PSYoungGen      total 66560K, used 66555K [0x00000000d8300000, 0x00000000dc900000, 0x0000000100000000)
  eden space 61440K, 100% used [0x00000000d8300000,0x00000000dbf00000,0x00000000dbf00000)
  from space 5120K, 99% used [0x00000000dc400000,0x00000000dc8fedb8,0x00000000dc900000)
  to   space 5120K, 0% used [0x00000000dbf00000,0x00000000dbf00000,0x00000000dc400000)
 ParOldGen       total 81920K, used 1116K [0x0000000088800000, 0x000000008d800000, 0x00000000d8300000)
  object space 81920K, 1% used [0x0000000088800000,0x00000000889173d8,0x000000008d800000)
 Metaspace       used 20315K, capacity 20914K, committed 21120K, reserved 1067008K
  class space    used 2727K, capacity 2894K, committed 2944K, reserved 1048576K
Event: 2,288 GC heap after
Heap after GC invocations=3 (full 0):
 PSYoungGen      total 66560K, used 5104K [0x00000000d8300000, 0x00000000e0500000, 0x0000000100000000)
  eden space 61440K, 0% used [0x00000000d8300000,0x00000000d8300000,0x00000000dbf00000)
  from space 5120K, 99% used [0x00000000dbf00000,0x00000000dc3fc050,0x00000000dc400000)
  to   space 5120K, 0% used [0x00000000e0000000,0x00000000e0000000,0x00000000e0500000)
 ParOldGen       total 81920K, used 5958K [0x0000000088800000, 0x000000008d800000, 0x00000000d8300000)
  object space 81920K, 7% used [0x0000000088800000,0x0000000088dd1878,0x000000008d800000)
 Metaspace       used 20315K, capacity 20914K, committed 21120K, reserved 1067008K
  class space    used 2727K, capacity 2894K, committed 2944K, reserved 1048576K
}
Event: 2,320 GC heap before
{Heap before GC invocations=4 (full 0):
 PSYoungGen      total 66560K, used 7639K [0x00000000d8300000, 0x00000000e0500000, 0x0000000100000000)
  eden space 61440K, 4% used [0x00000000d8300000,0x00000000d8579c50,0x00000000dbf00000)
  from space 5120K, 99% used [0x00000000dbf00000,0x00000000dc3fc050,0x00000000dc400000)
  to   space 5120K, 0% used [0x00000000e0000000,0x00000000e0000000,0x00000000e0500000)
 ParOldGen       total 81920K, used 5958K [0x0000000088800000, 0x000000008d800000, 0x00000000d8300000)
  object space 81920K, 7% used [0x0000000088800000,0x0000000088dd1878,0x000000008d800000)
 Metaspace       used 20624K, capacity 21226K, committed 21296K, reserved 1067008K
  class space    used 2758K, capacity 2930K, committed 2944K, reserved 1048576K
Event: 2,333 GC heap after
Heap after GC invocations=4 (full 0):
 PSYoungGen      total 128000K, used 5088K [0x00000000d8300000, 0x00000000e0500000, 0x0000000100000000)
  eden space 122880K, 0% used [0x00000000d8300000,0x00000000d8300000,0x00000000dfb00000)
  from space 5120K, 99% used [0x00000000e0000000,0x00000000e04f8020,0x00000000e0500000)
  to   space 5120K, 0% used [0x00000000dfb00000,0x00000000dfb00000,0x00000000e0000000)
 ParOldGen       total 81920K, used 6297K [0x0000000088800000, 0x000000008d800000, 0x00000000d8300000)
  object space 81920K, 7% used [0x0000000088800000,0x0000000088e26510,0x000000008d800000)
 Metaspace       used 20624K, capacity 21226K, committed 21296K, reserved 1067008K
  class space    used 2758K, capacity 2930K, committed 2944K, reserved 1048576K
}
Event: 2,333 GC heap before
{Heap before GC invocations=5 (full 1):
 PSYoungGen      total 128000K, used 5088K [0x00000000d8300000, 0x00000000e0500000, 0x0000000100000000)
  eden space 122880K, 0% used [0x00000000d8300000,0x00000000d8300000,0x00000000dfb00000)
  from space 5120K, 99% used [0x00000000e0000000,0x00000000e04f8020,0x00000000e0500000)
  to   space 5120K, 0% used [0x00000000dfb00000,0x00000000dfb00000,0x00000000e0000000)
 ParOldGen       total 81920K, used 6297K [0x0000000088800000, 0x000000008d800000, 0x00000000d8300000)
  object space 81920K, 7% used [0x0000000088800000,0x0000000088e26510,0x000000008d800000)
 Metaspace       used 20624K, capacity 21226K, committed 21296K, reserved 1067008K
  class space    used 2758K, capacity 2930K, committed 2944K, reserved 1048576K
Event: 2,375 GC heap after
Heap after GC invocations=5 (full 1):
 PSYoungGen      total 128000K, used 0K [0x00000000d8300000, 0x00000000e0500000, 0x0000000100000000)
  eden space 122880K, 0% used [0x00000000d8300000,0x00000000d8300000,0x00000000dfb00000)
  from space 5120K, 0% used [0x00000000e0000000,0x00000000e0000000,0x00000000e0500000)
  to   space 5120K, 0% used [0x00000000dfb00000,0x00000000dfb00000,0x00000000e0000000)
 ParOldGen       total 46592K, used 5335K [0x0000000088800000, 0x000000008b580000, 0x00000000d8300000)
  object space 46592K, 11% used [0x0000000088800000,0x0000000088d35d90,0x000000008b580000)
 Metaspace       used 20624K, capacity 21226K, committed 21296K, reserved 1067008K
  class space    used 2758K, capacity 2930K, committed 2944K, reserved 1048576K
}
Event: 5,855 GC heap before
{Heap before GC invocations=6 (full 1):
 PSYoungGen      total 128000K, used 122880K [0x00000000d8300000, 0x00000000e0500000, 0x0000000100000000)
  eden space 122880K, 100% used [0x00000000d8300000,0x00000000dfb00000,0x00000000dfb00000)
  from space 5120K, 0% used [0x00000000e0000000,0x00000000e0000000,0x00000000e0500000)
  to   space 5120K, 0% used [0x00000000dfb00000,0x00000000dfb00000,0x00000000e0000000)
 ParOldGen       total 46592K, used 5335K [0x0000000088800000, 0x000000008b580000, 0x00000000d8300000)
  object space 46592K, 11% used [0x0000000088800000,0x0000000088d35d90,0x000000008b580000)
 Metaspace       used 32493K, capacity 33400K, committed 33536K, reserved 1079296K
  class space    used 4299K, capacity 4513K, committed 4608K, reserved 1048576K

Deoptimization events (10 events):
Event: 4,666 Thread 0x00007ff6cc614800 Uncommon trap: reason=class_check action=maybe_recompile pc=0x00007ff6bd2d0354 method=java.util.jar.JarFile.getJarEntry(Ljava/lang/String;)Ljava/util/jar/JarEntry; @ 2
Event: 4,705 Thread 0x00007ff6cc614800 Uncommon trap: reason=class_check action=maybe_recompile pc=0x00007ff6bd585ac0 method=java.util.Properties$LineReader.readLine()I @ 62
Event: 4,706 Thread 0x00007ff6cc614800 Uncommon trap: reason=class_check action=maybe_recompile pc=0x00007ff6bd585ac0 method=java.util.Properties$LineReader.readLine()I @ 62
Event: 4,748 Thread 0x00007ff6cc614800 Uncommon trap: reason=unstable_if action=reinterpret pc=0x00007ff6bd34d9ac method=java.net.URI.match(CJJ)Z @ 45
Event: 4,933 Thread 0x00007ff6cc614800 Uncommon trap: reason=class_check action=maybe_recompile pc=0x00007ff6bd798cd4 method=java.util.AbstractList$Itr.hasNext()Z @ 8
Event: 4,934 Thread 0x00007ff6cc614800 Uncommon trap: reason=class_check action=maybe_recompile pc=0x00007ff6bd8e7448 method=java.util.AbstractList$Itr.next()Ljava/lang/Object; @ 14
Event: 5,033 Thread 0x00007ff6cc614800 Uncommon trap: reason=class_check action=maybe_recompile pc=0x00007ff6bd585ac0 method=java.util.Properties$LineReader.readLine()I @ 62
Event: 5,033 Thread 0x00007ff6cc614800 Uncommon trap: reason=unstable_if action=reinterpret pc=0x00007ff6bd579ee0 method=java.util.Properties$LineReader.readLine()I @ 174
Event: 5,033 Thread 0x00007ff6cc614800 Uncommon trap: reason=class_check action=maybe_recompile pc=0x00007ff6bd585ac0 method=java.util.Properties$LineReader.readLine()I @ 62
Event: 5,101 Thread 0x00007ff6cc614800 Uncommon trap: reason=unstable_if action=reinterpret pc=0x00007ff6bd740d24 method=java.net.URLClassLoader.definePackageInternal(Ljava/lang/String;Ljava/util/jar/Manifest;Ljava/net/URL;)V @ 11

Classes redefined (0 events):
No events

Internal exceptions (10 events):
Event: 5,125 Thread 0x00007ff6cc614800 Exception <a 'java/lang/ClassNotFoundException': org/springframework/http/client/support/InterceptingHttpAccessorCustomizer> (0x00000000df9123e8) thrown at [/HUDSON/workspace/8-2-build-linux-amd64/jdk8u161/10277/hotspot/src/share/vm/classfile/systemDictio
Event: 5,126 Thread 0x00007ff6cc614800 Exception <a 'java/lang/ClassNotFoundException': org/springframework/web/client/RestTemplateCustomizer> (0x00000000df933580) thrown at [/HUDSON/workspace/8-2-build-linux-amd64/jdk8u161/10277/hotspot/src/share/vm/classfile/systemDictionary.cpp, line 210]
Event: 5,130 Thread 0x00007ff6cc614800 Exception <a 'java/lang/ClassNotFoundException': org/springframework/web/client/RestOperationsCustomizer> (0x00000000df9c3420) thrown at [/HUDSON/workspace/8-2-build-linux-amd64/jdk8u161/10277/hotspot/src/share/vm/classfile/systemDictionary.cpp, line 210]
Event: 5,226 Thread 0x00007ff6cc614800 Exception <a 'java/lang/ClassNotFoundException': java/lang/ObjectCustomizer> (0x00000000dfa9bb98) thrown at [/HUDSON/workspace/8-2-build-linux-amd64/jdk8u161/10277/hotspot/src/share/vm/classfile/systemDictionary.cpp, line 210]
Event: 5,365 Thread 0x00007ff6cc614800 Exception <a 'java/lang/ClassNotFoundException': punpuzle.Puzzle$$Lambda$159/742670444Customizer> (0x00000000dfaa0228) thrown at [/HUDSON/workspace/8-2-build-linux-amd64/jdk8u161/10277/hotspot/src/share/vm/prims/jni.cpp, line 735]
Event: 5,381 Thread 0x00007ff6cc614800 Exception <a 'java/lang/ClassNotFoundException': punpuzle.Puzzle$$Lambda$159/742670444Customizer> (0x00000000dfaa0890) thrown at [/HUDSON/workspace/8-2-build-linux-amd64/jdk8u161/10277/hotspot/src/share/vm/prims/jni.cpp, line 735]
Event: 5,381 Thread 0x00007ff6cc614800 Exception <a 'java/lang/ClassNotFoundException': punpuzle.Puzzle$$Lambda$159/742670444Customizer> (0x00000000dfaa0ef8) thrown at [/HUDSON/workspace/8-2-build-linux-amd64/jdk8u161/10277/hotspot/src/share/vm/prims/jni.cpp, line 735]
Event: 5,409 Thread 0x00007ff6cc614800 Exception <a 'java/lang/ClassNotFoundException': org/springframework/boot/CommandLineRunnerCustomizer> (0x00000000dfab6fc8) thrown at [/HUDSON/workspace/8-2-build-linux-amd64/jdk8u161/10277/hotspot/src/share/vm/classfile/systemDictionary.cpp, line 210]
Event: 5,618 Thread 0x00007ff6cc614800 Exception <a 'java/lang/ClassNotFoundException': java/lang/ObjectCustomizer> (0x00000000dfac41c8) thrown at [/HUDSON/workspace/8-2-build-linux-amd64/jdk8u161/10277/hotspot/src/share/vm/classfile/systemDictionary.cpp, line 210]
Event: 5,764 Thread 0x00007ff6cc614800 Exception <a 'java/lang/ClassNotFoundException': org/springframework/boot/autoconfigure/AutoConfigurationPackages$BasePackagesCustomizer> (0x00000000dfae2cc8) thrown at [/HUDSON/workspace/8-2-build-linux-amd64/jdk8u161/10277/hotspot/src/share/vm/classfile

Events (10 events):
Event: 5,504 loading class java/lang/ObjectCustomizer done
Event: 5,612 loading class java/lang/ObjectCustomizer
Event: 5,618 loading class java/lang/ObjectCustomizer done
Event: 5,721 loading class org/springframework/boot/autoconfigure/AutoConfigurationPackages$BasePackagesCustomizer
Event: 5,726 loading class org/springframework/boot/autoconfigure/AutoConfigurationPackages$BasePackagesCustomizer done
Event: 5,764 loading class org/springframework/boot/autoconfigure/AutoConfigurationPackages$BasePackagesCustomizer
Event: 5,764 loading class org/springframework/boot/autoconfigure/AutoConfigurationPackages$BasePackagesCustomizer done
Event: 5,764 loading class org/springframework/boot/autoconfigure/AutoConfigurationPackages$BasePackagesCustomizer
Event: 5,764 loading class org/springframework/boot/autoconfigure/AutoConfigurationPackages$BasePackagesCustomizer done
Event: 5,849 Executing VM operation: ParallelGCFailedAllocation


Dynamic libraries:
00400000-00401000 r-xp 00000000 fd:01 11142680                           /usr/lib/jvm/java-8-oracle/bin/java
00600000-00601000 rw-p 00000000 fd:01 11142680                           /usr/lib/jvm/java-8-oracle/bin/java
0173f000-01760000 rw-p 00000000 00:00 0                                  [heap]
88800000-8b580000 rw-p 00000000 00:00 0 
8b580000-d8300000 ---p 00000000 00:00 0 
d8300000-e0500000 rw-p 00000000 00:00 0 
e7b80000-100000000 ---p 00000000 00:00 0 
100000000-100480000 rw-p 00000000 00:00 0 
100480000-140000000 ---p 00000000 00:00 0 
7ff664000000-7ff664028000 rw-p 00000000 00:00 0 
7ff664028000-7ff668000000 ---p 00000000 00:00 0 
7ff66c000000-7ff66c071000 rw-p 00000000 00:00 0 
7ff66c071000-7ff670000000 ---p 00000000 00:00 0 
7ff670000000-7ff670553000 rw-p 00000000 00:00 0 
7ff670553000-7ff674000000 ---p 00000000 00:00 0 
7ff674000000-7ff674926000 rw-p 00000000 00:00 0 
7ff674926000-7ff678000000 ---p 00000000 00:00 0 
7ff678000000-7ff678021000 rw-p 00000000 00:00 0 
7ff678021000-7ff67c000000 ---p 00000000 00:00 0 
7ff67c000000-7ff67c021000 rw-p 00000000 00:00 0 
7ff67c021000-7ff680000000 ---p 00000000 00:00 0 
7ff680000000-7ff680021000 rw-p 00000000 00:00 0 
7ff680021000-7ff684000000 ---p 00000000 00:00 0 
7ff684000000-7ff68494e000 rw-p 00000000 00:00 0 
7ff68494e000-7ff688000000 ---p 00000000 00:00 0 
7ff688000000-7ff688cf6000 rw-p 00000000 00:00 0 
7ff688cf6000-7ff68c000000 ---p 00000000 00:00 0 
7ff68c000000-7ff68d2c7000 rw-p 00000000 00:00 0 
7ff68d2c7000-7ff690000000 ---p 00000000 00:00 0 
7ff692299000-7ff6922d9000 rw-p 00000000 00:00 0 
7ff6922d9000-7ff692499000 ---p 00000000 00:00 0 
7ff692499000-7ff6924af000 r-xp 00000000 fd:01 2626016                    /lib/x86_64-linux-gnu/libgcc_s.so.1
7ff6924af000-7ff6926ae000 ---p 00016000 fd:01 2626016                    /lib/x86_64-linux-gnu/libgcc_s.so.1
7ff6926ae000-7ff6926af000 rw-p 00015000 fd:01 2626016                    /lib/x86_64-linux-gnu/libgcc_s.so.1
7ff6926af000-7ff6926e1000 r-xp 00000000 fd:01 11144382                   /usr/lib/jvm/java-8-oracle/jre/lib/amd64/libsunec.so
7ff6926e1000-7ff6928e0000 ---p 00032000 fd:01 11144382                   /usr/lib/jvm/java-8-oracle/jre/lib/amd64/libsunec.so
7ff6928e0000-7ff6928e6000 rw-p 00031000 fd:01 11144382                   /usr/lib/jvm/java-8-oracle/jre/lib/amd64/libsunec.so
7ff6928e6000-7ff692af6000 rw-p 00000000 00:00 0 
7ff692af6000-7ff692cf6000 rw-p 00000000 00:00 0 
7ff692cf6000-7ff692ef6000 rw-p 00000000 00:00 0 
7ff692ef6000-7ff692ef9000 ---p 00000000 00:00 0 
7ff692ef9000-7ff6931f7000 rw-p 00000000 00:00 0 
7ff6931f7000-7ff6933f7000 rw-p 00000000 00:00 0 
7ff6933f7000-7ff6935f7000 rw-p 00000000 00:00 0 
7ff6935f7000-7ff693600000 r-xp 00000000 fd:01 11144438                   /usr/lib/jvm/java-8-oracle/jre/lib/amd64/libmanagement.so
7ff693600000-7ff6937ff000 ---p 00009000 fd:01 11144438                   /usr/lib/jvm/java-8-oracle/jre/lib/amd64/libmanagement.so
7ff6937ff000-7ff693800000 rw-p 00008000 fd:01 11144438                   /usr/lib/jvm/java-8-oracle/jre/lib/amd64/libmanagement.so
7ff693800000-7ff693a00000 rw-p 00000000 00:00 0 
7ff693a00000-7ff693c00000 rw-p 00000000 00:00 0 
7ff693c00000-7ff693e00000 rw-p 00000000 00:00 0 
7ff693e00000-7ff694000000 rw-p 00000000 00:00 0 
7ff694000000-7ff694021000 rw-p 00000000 00:00 0 
7ff694021000-7ff698000000 ---p 00000000 00:00 0 
7ff6980b8000-7ff6980ba000 r--s 00009000 fd:01 11144275                   /usr/lib/jvm/java-8-oracle/jre/lib/ext/sunec.jar
7ff6980ba000-7ff6980bd000 r--s 0001a000 fd:01 11144446                   /usr/lib/jvm/java-8-oracle/jre/lib/jce.jar
7ff6980bd000-7ff6980c2000 r--s 002f9000 fd:01 11144214                   /usr/lib/jvm/java-8-oracle/jre/lib/charsets.jar
7ff6980c2000-7ff6980c5000 ---p 00000000 00:00 0 
7ff6980c5000-7ff6981c3000 rw-p 00000000 00:00 0 
7ff6981c3000-7ff6981c6000 ---p 00000000 00:00 0 
7ff6981c6000-7ff6982c4000 rw-p 00000000 00:00 0 
7ff6982c4000-7ff6982c7000 ---p 00000000 00:00 0 
7ff6982c7000-7ff6983c5000 rw-p 00000000 00:00 0 
7ff6983c5000-7ff6983c8000 ---p 00000000 00:00 0 
7ff6983c8000-7ff6984c6000 rw-p 00000000 00:00 0 
7ff6984c6000-7ff6984d7000 r-xp 00000000 fd:01 11144433                   /usr/lib/jvm/java-8-oracle/jre/lib/amd64/libnio.so
7ff6984d7000-7ff6986d6000 ---p 00011000 fd:01 11144433                   /usr/lib/jvm/java-8-oracle/jre/lib/amd64/libnio.so
7ff6986d6000-7ff6986d7000 rw-p 00010000 fd:01 11144433                   /usr/lib/jvm/java-8-oracle/jre/lib/amd64/libnio.so
7ff6986d7000-7ff6986dc000 r--s 0009d000 fd:01 11144273                   /usr/lib/jvm/java-8-oracle/jre/lib/jsse.jar
7ff6986dc000-7ff69b6dd000 rw-p 00000000 00:00 0 
7ff69b6dd000-7ff69b6f3000 r-xp 00000000 fd:01 11144430                   /usr/lib/jvm/java-8-oracle/jre/lib/amd64/libnet.so
7ff69b6f3000-7ff69b8f3000 ---p 00016000 fd:01 11144430                   /usr/lib/jvm/java-8-oracle/jre/lib/amd64/libnet.so
7ff69b8f3000-7ff69b8f4000 rw-p 00016000 fd:01 11144430                   /usr/lib/jvm/java-8-oracle/jre/lib/amd64/libnet.so
7ff69b8f4000-7ff69b8fc000 r--s 00045000 fd:01 7736828                    /home/cdominguez/.sdkman/candidates/gradle/4.6/lib/plugins/junit-4.12.jar
7ff69b8fc000-7ff69b901000 r--s 00041000 fd:01 7736721                    /home/cdominguez/.sdkman/candidates/gradle/4.6/lib/commons-lang-2.6.jar
7ff69b901000-7ff69b905000 r--s 00026000 fd:01 7736709                    /home/cdominguez/.sdkman/candidates/gradle/4.6/lib/kryo-2.20.jar
7ff69b905000-7ff69b909000 r--s 00012000 fd:01 7736726                    /home/cdominguez/.sdkman/candidates/gradle/4.6/lib/native-platform-0.14.jar
7ff69b909000-7ff69b90b000 r--s 00000000 fd:01 7736713                    /home/cdominguez/.sdkman/candidates/gradle/4.6/lib/jul-to-slf4j-1.7.16.jar
7ff69b90b000-7ff69b90c000 r--s 00009000 fd:01 7736717                    /home/cdominguez/.sdkman/candidates/gradle/4.6/lib/slf4j-api-1.7.16.jar
7ff69b90c000-7ff69b90e000 r--s 00006000 fd:01 7736696                    /home/cdominguez/.sdkman/candidates/gradle/4.6/lib/gradle-process-services-4.6.jar
7ff69b90e000-7ff69b910000 r--s 0000e000 fd:01 7736860                    /home/cdominguez/.sdkman/candidates/gradle/4.6/lib/plugins/junit-platform-commons-1.0.3.jar
7ff69b910000-7ff69b912000 r--s 0000c000 fd:01 7736830                    /home/cdominguez/.sdkman/candidates/gradle/4.6/lib/plugins/junit-platform-launcher-1.0.3.jar
7ff69b912000-7ff69b915000 r--s 00013000 fd:01 7736859                    /home/cdominguez/.sdkman/candidates/gradle/4.6/lib/plugins/junit-platform-engine-1.0.3.jar
7ff69b915000-7ff69b916000 r--s 00003000 fd:01 7736775                    /home/cdominguez/.sdkman/candidates/gradle/4.6/lib/plugins/gradle-testing-junit-platform-4.6.jar
7ff69b916000-7ff69b91a000 r--s 0001b000 fd:01 7736776                    /home/cdominguez/.sdkman/candidates/gradle/4.6/lib/plugins/gradle-testing-jvm-4.6.jar
7ff69b91a000-7ff69b922000 r--s 00031000 fd:01 7736782                    /home/cdominguez/.sdkman/candidates/gradle/4.6/lib/plugins/gradle-testing-base-4.6.jar
7ff69b922000-7ff69b925000 r--s 0000c000 fd:01 7736699                    /home/cdominguez/.sdkman/candidates/gradle/4.6/lib/gradle-native-4.6.jar
7ff69b925000-7ff69b927000 r--s 00005000 fd:01 7736706                    /home/cdominguez/.sdkman/candidates/gradle/4.6/lib/gradle-cli-4.6.jar
7ff69b927000-7ff69b932000 r--s 0005a000 fd:01 7736704                    /home/cdominguez/.sdkman/candidates/gradle/4.6/lib/gradle-base-services-4.6.jar
7ff69b932000-7ff69b939000 r--s 0002b000 fd:01 7736703                    /home/cdominguez/.sdkman/candidates/gradle/4.6/lib/gradle-messaging-4.6.jar
7ff69b939000-7ff69b940000 r--s 00030000 fd:01 7736695                    /home/cdominguez/.sdkman/candidates/gradle/4.6/lib/gradle-logging-4.6.jar
7ff69b940000-7ff69b97f000 r--s 00219000 fd:01 7736691                    /home/cdominguez/.sdkman/candidates/gradle/4.6/lib/gradle-core-4.6.jar
7ff69b97f000-7ff69b98c000 r--s 00035000 fd:01 7736693                    /home/cdominguez/.sdkman/candidates/gradle/4.6/lib/gradle-core-api-4.6.jar
7ff69b98c000-7ff69b98e000 r--s 0000c000 fd:01 2097363                    /home/cdominguez/.gradle/caches/modules-2/files-2.1/org.ow2.asm/asm/5.0.4/da08b8cce7bbf903602a25a3a163ae252435795/asm-5.0.4.jar
7ff69b98e000-7ff69b994000 r--s 00039000 fd:01 2097320                    /home/cdominguez/.gradle/caches/modules-2/files-2.1/org.apache.logging.log4j/log4j-api/2.10.0/fec5797a55b786184a537abd39c3fa1449d752d6/log4j-api-2.10.0.jar
7ff69b994000-7ff69b99f000 r--s 00069000 fd:01 2097319                    /home/cdominguez/.gradle/caches/modules-2/files-2.1/ch.qos.logback/logback-core/1.2.3/864344400c3d4d92dfeb0a305dc87d953677c03c/logback-core-1.2.3.jar
7ff69b99f000-7ff69b9a1000 r--s 00006000 fd:01 2097362                    /home/cdominguez/.gradle/caches/modules-2/files-2.1/net.minidev/accessors-smart/1.2/c592b500269bfde36096641b01238a8350f8aa31/accessors-smart-1.2.jar
7ff69b9a1000-7ff69b9a2000 r--s 00004000 fd:01 2097361                    /home/cdominguez/.gradle/caches/modules-2/files-2.1/com.vaadin.external.google/android-json/0.0.20131108.vaadin1/fa26d351fe62a6a17f5cda1287c1c6110dec413f/android-json-0.0.20131108.vaadin1.jar
7ff69b9a2000-7ff69b9a4000 r--s 0000c000 fd:01 2097360                    /home/cdominguez/.gradle/caches/modules-2/files-2.1/org.objenesis/objenesis/2.6/639033469776fd37c08358c6b92a4761feb2af4b/objenesis-2.6.jar
7ff69b9a4000-7ff69b9a6000 r--s 00009000 fd:01 2097358                    /home/cdominguez/.gradle/caches/modules-2/files-2.1/net.bytebuddy/byte-buddy-agent/1.7.10/9b092a8fb9112b89f6cb23fc929cfb931b14007b/byte-buddy-agent-1.7.10.jar
7ff69b9a6000-7ff69b9e3000 r--s 0028f000 fd:01 2097359                    /home/cdominguez/.gradle/caches/modules-2/files-2.1/net.bytebuddy/byte-buddy/1.7.10/3c8ec287c0a5bd04b1e3f11723bc46a50346602b/byte-buddy-1.7.10.jar
7ff69b9e3000-7ff69b9e5000 r--s 00009000 fd:01 2097318                    /home/cdominguez/.gradle/caches/modules-2/files-2.1/org.slf4j/slf4j-api/1.7.25/da76ca59f6a57ee3102f8f9bd9cee742973efa8a/slf4j-api-1.7.25.jar
7ff69b9e5000-7ff69b9e7000 r--s 00000000 fd:01 2097316                    /home/cdominguez/.gradle/caches/modules-2/files-2.1/org.slf4j/jul-to-slf4j/1.7.25/af5364cd6679bfffb114f0dec8a157aaa283b76/jul-to-slf4j-1.7.25.jar
7ff69b9e7000-7ff69b9e9000 r--s 00003000 fd:01 2097314                    /home/cdominguez/.gradle/caches/modules-2/files-2.1/org.apache.logging.log4j/log4j-to-slf4j/2.10.0/f7e631ccf49cfc0aefa4a2a728da7d374c05bd3c/log4j-to-slf4j-2.10.0.jar
7ff69b9e9000-7ff69b9ef000 r--s 00041000 fd:01 2097313                    /home/cdominguez/.gradle/caches/modules-2/files-2.1/ch.qos.logback/logback-classic/1.2.3/7c4f3c474fb2c041d8028740440937705ebb473a/logback-classic-1.2.3.jar
7ff69b9ef000-7ff69b9f2000 r--s 0001b000 fd:01 2097357                    /home/cdominguez/.gradle/caches/modules-2/files-2.1/net.minidev/json-smart/2.3/7396407491352ce4fa30de92efb158adb76b5b/json-smart-2.3.jar
7ff69b9f2000-7ff69b9f3000 r--s 00003000 fd:01 2097230                    /home/cdominguez/.gradle/caches/modules-2/files-2.1/org.springframework/spring-jcl/5.0.4.RELEASE/3053e2bad0a18571bdbb9596ce51f9d458f5934f/spring-jcl-5.0.4.RELEASE.jar
7ff69b9f3000-7ff69b9f5000 r--s 0000e000 fd:01 2097312                    /home/cdominguez/.gradle/caches/modules-2/files-2.1/com.fasterxml/classmate/1.3.4/3d5f48f10bbe4eb7bd862f10c0583be2e0053c6/classmate-1.3.4.jar
7ff69b9f5000-7ff69b9f7000 r--s 0000f000 fd:01 2097311                    /home/cdominguez/.gradle/caches/modules-2/files-2.1/org.jboss.logging/jboss-logging/3.3.2.Final/3789d00e859632e6c6206adc0c71625559e6e3b0/jboss-logging-3.3.2.Final.jar
7ff69b9f7000-7ff69b9fc000 r--s 00012000 fd:01 2097310                    /home/cdominguez/.gradle/caches/modules-2/files-2.1/javax.validation/validation-api/2.0.1.Final/cb855558e6271b1b32e716d24cb85c7f583ce09e/validation-api-2.0.1.Final.jar
7ff69b9fc000-7ff69ba00000 r--s 00037000 fd:01 2097309                    /home/cdominguez/.gradle/caches/modules-2/files-2.1/org.apache.tomcat.embed/tomcat-embed-el/8.5.28/75745598f60646ccf0c4b105468a9c8be9b8432e/tomcat-embed-el-8.5.28.jar
7ff69ba00000-7ff69ba2a000 r--s 002ce000 fd:01 2097308                    /home/cdominguez/.gradle/caches/modules-2/files-2.1/org.apache.tomcat.embed/tomcat-embed-core/8.5.28/b684c98cf77c6528079c4e59fc1feeb218bf82f1/tomcat-embed-core-8.5.28.jar
7ff69ba2a000-7ff69ba2f000 r--s 0003a000 fd:01 2097307                    /home/cdominguez/.gradle/caches/modules-2/files-2.1/org.apache.tomcat.embed/tomcat-embed-websocket/8.5.28/8a5a48740dd80cad644ceb541e77fd8e0809e3b7/tomcat-embed-websocket-8.5.28.jar
7ff69ba2f000-7ff69ba36000 r--s 00042000 fd:01 2097302                    /home/cdominguez/.gradle/caches/modules-2/files-2.1/org.yaml/snakeyaml/1.19/2d998d3d674b172a588e54ab619854d073f555b5/snakeyaml-1.19.jar
7ff69ba36000-7ff69ba38000 r--s 00005000 fd:01 2097297                    /home/cdominguez/.gradle/caches/modules-2/files-2.1/javax.annotation/javax.annotation-api/1.3.2/934c04d3cfef185a8008e7bf34331b79730a9d43/javax.annotation-api-1.3.2.jar
7ff69ba38000-7ff69ba3d000 r--s 00022000 fd:01 2097356                    /home/cdominguez/.gradle/caches/modules-2/files-2.1/org.xmlunit/xmlunit-core/2.5.1/4ffdb346572a7356f7521cd3119ce5287d2e339d/xmlunit-core-2.5.1.jar
7ff69ba3d000-7ff69ba3f000 r--s 00006000 fd:01 2097349                    /home/cdominguez/.gradle/caches/modules-2/files-2.1/org.skyscreamer/jsonassert/1.5.0/6c9d5fe2f59da598d9aefc1cfc6528ff3cf32df3/jsonassert-1.5.0.jar
7ff69ba3f000-7ff69ba4f000 r--s 00075000 fd:01 2097353                    /home/cdominguez/.gradle/caches/modules-2/files-2.1/org.mockito/mockito-core/2.15.0/b84bfbbc29cd22c9529409627af6ea2897f4fa85/mockito-core-2.15.0.jar
7ff69ba4f000-7ff69baa4000 r--s 00367000 fd:01 2097355                    /home/cdominguez/.gradle/caches/modules-2/files-2.1/org.assertj/assertj-core/3.9.1/c5ce126b15f28d56cd8f960c1a6a058b9c9aea87/assertj-core-3.9.1.jar
7ff69baa4000-7ff69baaa000 r--s 00031000 fd:01 2097352                    /home/cdominguez/.gradle/caches/modules-2/files-2.1/com.jayway.jsonpath/json-path/2.4.0/765a4401ceb2dc8d40553c2075eb80a8fa35c2ae/json-path-2.4.0.jar
7ff69baaa000-7ff69baac000 r--s 00009000 fd:01 2097233                    /home/cdominguez/.gradle/caches/modules-2/files-2.1/org.hamcrest/hamcrest-core/1.3/42a25dc3219429f0e5d060061f71acb49bf010a0/hamcrest-core-1.3.jar
7ff69baac000-7ff69bab3000 r--s 0004b000 fd:01 2097372                    /home/cdominguez/.gradle/caches/modules-2/files-2.1/commons-codec/commons-codec/1.11/3acb4705652e16236558f0f4f2192cc33c3bd189/commons-codec-1.11.jar
7ff69bab3000-7ff69baba000 r--s 00049000 fd:01 2097370                    /home/cdominguez/.gradle/caches/modules-2/files-2.1/org.apache.httpcomponents/httpcore/4.4.9/a86ce739e5a7175b4b234c290a00a5fdb80957a0/httpcore-4.4.9.jar
7ff69baba000-7ff69babe000 r--s 0004b000 fd:01 2097317                    /home/cdominguez/.gradle/caches/modules-2/files-2.1/com.fasterxml.jackson.core/jackson-core/2.9.4/a9a71ec1aa37da47db168fede9a4a5fb5e374320/jackson-core-2.9.4.jar
7ff69babe000-7ff69bac1000 r--s 0000e000 fd:01 2097315                    /home/cdominguez/.gradle/caches/modules-2/files-2.1/com.fasterxml.jackson.core/jackson-annotations/2.9.0/7c10d545325e3a6e72e06381afe469fd40eb701/jackson-annotations-2.9.0.jar
7ff69bac1000-7ff69bad8000 r--s 00112000 fd:01 2097231                    /home/cdominguez/.gradle/caches/modules-2/files-2.1/org.springframework/spring-core/5.0.4.RELEASE/2221a957b5561a34f044350ba4e30ef5870254a3/spring-core-5.0.4.RELEASE.jar
7ff69bad8000-7ff69bae6000 r--s 00083000 fd:01 2097354                    /home/cdominguez/.gradle/caches/modules-2/files-2.1/org.springframework/spring-test/5.0.4.RELEASE/3fc10b6535a113593fa8780951465012a7677e21/spring-test-5.0.4.RELEASE.jar
7ff69bae6000-7ff69baf2000 r--s 00094000 fd:01 2097301                    /home/cdominguez/.gradle/caches/modules-2/files-2.1/org.springframework/spring-beans/5.0.4.RELEASE/7a8c3d48d4c33621e64d1399721d8e067450fcbd/spring-beans-5.0.4.RELEASE.jar
7ff69baf2000-7ff69bafb000 r--s 0004f000 fd:01 2097298                    /home/cdominguez/.gradle/caches/modules-2/files-2.1/org.springframework/spring-aop/5.0.4.RELEASE/f8e029e54c0267dadb6b9f713f3feb54ec4f3a0e/spring-aop-5.0.4.RELEASE.jar
7ff69bafb000-7ff69bafc000 ---p 00000000 00:00 0 
7ff69bafc000-7ff69bbfc000 rw-p 00000000 00:00 0 
7ff69bbfc000-7ff69bbff000 ---p 00000000 00:00 0 
7ff69bbff000-7ff69bcfd000 rw-p 00000000 00:00 0 
7ff69bcfd000-7ff69bd00000 ---p 00000000 00:00 0 
7ff69bd00000-7ff69bdfe000 rw-p 00000000 00:00 0 
7ff69bdfe000-7ff69be01000 ---p 00000000 00:00 0 
7ff69be01000-7ff69beff000 rw-p 00000000 00:00 0 
7ff69beff000-7ff69bf02000 ---p 00000000 00:00 0 
7ff69bf02000-7ff69c000000 rw-p 00000000 00:00 0 
7ff69c000000-7ff69c021000 rw-p 00000000 00:00 0 
7ff69c021000-7ff6a0000000 ---p 00000000 00:00 0 
7ff6a0000000-7ff6a0021000 rw-p 00000000 00:00 0 
7ff6a0021000-7ff6a4000000 ---p 00000000 00:00 0 
7ff6a4000000-7ff6a4021000 rw-p 00000000 00:00 0 
7ff6a4021000-7ff6a8000000 ---p 00000000 00:00 0 
7ff6a8000000-7ff6a8290000 rw-p 00000000 00:00 0 
7ff6a8290000-7ff6ac000000 ---p 00000000 00:00 0 
7ff6ac000000-7ff6ac021000 rw-p 00000000 00:00 0 
7ff6ac021000-7ff6b0000000 ---p 00000000 00:00 0 
7ff6b0000000-7ff6b0021000 rw-p 00000000 00:00 0 
7ff6b0021000-7ff6b4000000 ---p 00000000 00:00 0 
7ff6b4000000-7ff6b4021000 rw-p 00000000 00:00 0 
7ff6b4021000-7ff6b8000000 ---p 00000000 00:00 0 
7ff6b8000000-7ff6b8001000 r--s 00000000 fd:01 2097296                    /home/cdominguez/.gradle/caches/modules-2/files-2.1/org.springframework.boot/spring-boot-starter-logging/2.0.0.RELEASE/fe939b71659ef1f98a53cce0b5bcf771685cf6a6/spring-boot-starter-logging-2.0.0.RELEASE.jar
7ff6b8001000-7ff6b8002000 r--s 0000c000 fd:01 2097350                    /home/cdominguez/.gradle/caches/modules-2/files-2.1/org.hamcrest/hamcrest-library/1.3/4785a3c21320980282f9f33d0d1264a69040538f/hamcrest-library-1.3.jar
7ff6b8002000-7ff6b8007000 r--s 0003c000 fd:01 2097300                    /home/cdominguez/.gradle/caches/modules-2/files-2.1/org.springframework/spring-expression/5.0.4.RELEASE/4bda161f2e34c1486f2527a23eb47293567f473c/spring-expression-5.0.4.RELEASE.jar
7ff6b8007000-7ff6b8021000 r--s 000ee000 fd:01 2097299                    /home/cdominguez/.gradle/caches/modules-2/files-2.1/org.springframework/spring-context/5.0.4.RELEASE/3e76d08c851113077642c5704f0f94d5ce58e905/spring-context-5.0.4.RELEASE.jar
7ff6b8021000-7ff6b8036000 r--s 000cd000 fd:01 2097295                    /home/cdominguez/.gradle/caches/modules-2/files-2.1/org.springframework.boot/spring-boot/2.0.0.RELEASE/771da2071ff14a47f108642a641c204ae4ef7b15/spring-boot-2.0.0.RELEASE.jar
7ff6b8036000-7ff6b8056000 r--s 000f8000 fd:01 2097294                    /home/cdominguez/.gradle/caches/modules-2/files-2.1/org.springframework.boot/spring-boot-autoconfigure/2.0.0.RELEASE/c89896a469ecf92996ecba40755919896ace5470/spring-boot-autoconfigure-2.0.0.RELEASE.jar
7ff6b8056000-7ff6b805b000 r--s 0002b000 fd:01 2097364                    /home/cdominguez/.gradle/caches/modules-2/files-2.1/org.springframework.boot/spring-boot-test/2.0.0.RELEASE/1565e78c2801bd3c7ece0a8ddc08e5ed53676878/spring-boot-test-2.0.0.RELEASE.jar
7ff6b805b000-7ff6b8062000 r--s 00020000 fd:01 2097351                    /home/cdominguez/.gradle/caches/modules-2/files-2.1/org.springframework.boot/spring-boot-test-autoconfigure/2.0.0.RELEASE/db0595321e96929d9473cf061f3408972d03c6aa/spring-boot-test-autoconfigure-2.0.0.RELEASE.jar
7ff6b8062000-7ff6b807e000 r--s 000f5000 fd:01 2097321                    /home/cdominguez/.gradle/caches/modules-2/files-2.1/org.hibernate.validator/hibernate-validator/6.0.7.Final/8b9d9c7ec8c73963ea0fe81912fc67711a4ef76/hibernate-validator-6.0.7.Final.jar
7ff6b807e000-7ff6b807f000 r--s 00000000 fd:01 2097288                    /home/cdominguez/.gradle/caches/modules-2/files-2.1/org.springframework.boot/spring-boot-starter-tomcat/2.0.0.RELEASE/908bc9de1a7cfa857edf44182d426f6e0d8a3008/spring-boot-starter-tomcat-2.0.0.RELEASE.jar
7ff6b807f000-7ff6b8092000 r--s 00136000 fd:01 2097306                    /home/cdominguez/.gradle/caches/modules-2/files-2.1/com.fasterxml.jackson.core/jackson-databind/2.9.4/498bbc3b94f566982c7f7c6d4d303fce365529be/jackson-databind-2.9.4.jar
7ff6b8092000-7ff6b8095000 ---p 00000000 00:00 0 
7ff6b8095000-7ff6b8193000 rw-p 00000000 00:00 0 
7ff6b8193000-7ff6b8229000 r--s 0110a000 fd:01 11144278                   /usr/lib/jvm/java-8-oracle/jre/lib/ext/jfxrt.jar
7ff6b8229000-7ff6b8632000 r--p 00000000 fd:01 6954255                    /usr/lib/locale/locale-archive
7ff6b8632000-7ff6b8635000 ---p 00000000 00:00 0 
7ff6b8635000-7ff6b8733000 rw-p 00000000 00:00 0 
7ff6b8733000-7ff6b8736000 ---p 00000000 00:00 0 
7ff6b8736000-7ff6b8834000 rw-p 00000000 00:00 0 
7ff6b8834000-7ff6b8835000 ---p 00000000 00:00 0 
7ff6b8835000-7ff6bd000000 rw-p 00000000 00:00 0 
7ff6bd000000-7ff6bda20000 rwxp 00000000 00:00 0 
7ff6bda20000-7ff6cc000000 ---p 00000000 00:00 0 
7ff6cc000000-7ff6cc68e000 rw-p 00000000 00:00 0 
7ff6cc68e000-7ff6d0000000 ---p 00000000 00:00 0 
7ff6d0000000-7ff6d0001000 r--s 00000000 fd:01 2097287                    /home/cdominguez/.gradle/caches/modules-2/files-2.1/org.springframework.boot/spring-boot-starter/2.0.0.RELEASE/6d7d8e4bf053cd1833f3c7dbce676bc274f0892f/spring-boot-starter-2.0.0.RELEASE.jar
7ff6d0001000-7ff6d0009000 r--s 00045000 fd:01 2097196                    /home/cdominguez/.gradle/caches/modules-2/files-2.1/junit/junit/4.12/2973d150c0dc1fefe998f834810d68f278ea58ec/junit-4.12.jar
7ff6d0009000-7ff6d000a000 r--s 00000000 fd:01 2097348                    /home/cdominguez/.gradle/caches/modules-2/files-2.1/org.springframework.boot/spring-boot-starter-test/2.0.0.RELEASE/4ff0e1d9bd315a4a5867e9c6128691cac8b37348/spring-boot-starter-test-2.0.0.RELEASE.jar
7ff6d000a000-7ff6d0024000 r--s 00116000 fd:01 2097293                    /home/cdominguez/.gradle/caches/modules-2/files-2.1/org.springframework/spring-web/5.0.4.RELEASE/9565bbc67bf1a850a6505deaa5103931712a7b80/spring-web-5.0.4.RELEASE.jar
7ff6d0024000-7ff6d04fb000 rw-p 00000000 00:00 0 
7ff6d04fb000-7ff6d06d4000 r--s 03d64000 fd:01 11144216                   /usr/lib/jvm/java-8-oracle/jre/lib/rt.jar
7ff6d06d4000-7ff6d1306000 rw-p 00000000 00:00 0 
7ff6d1306000-7ff6d1307000 ---p 00000000 00:00 0 
7ff6d1307000-7ff6d1407000 rw-p 00000000 00:00 0 
7ff6d1407000-7ff6d1408000 ---p 00000000 00:00 0 
7ff6d1408000-7ff6d1508000 rw-p 00000000 00:00 0 
7ff6d1508000-7ff6d1509000 ---p 00000000 00:00 0 
7ff6d1509000-7ff6d1609000 rw-p 00000000 00:00 0 
7ff6d1609000-7ff6d160a000 ---p 00000000 00:00 0 
7ff6d160a000-7ff6d1721000 rw-p 00000000 00:00 0 
7ff6d1721000-7ff6d1988000 ---p 00000000 00:00 0 
7ff6d1988000-7ff6d199f000 rw-p 00000000 00:00 0 
7ff6d199f000-7ff6d1c05000 ---p 00000000 00:00 0 
7ff6d1c05000-7ff6d1c47000 rw-p 00000000 00:00 0 
7ff6d1c47000-7ff6d1d44000 ---p 00000000 00:00 0 
7ff6d1d44000-7ff6d1d6e000 rw-p 00000000 00:00 0 
7ff6d1d6e000-7ff6d2105000 ---p 00000000 00:00 0 
7ff6d2105000-7ff6d2120000 r-xp 00000000 fd:01 11144426                   /usr/lib/jvm/java-8-oracle/jre/lib/amd64/libzip.so
7ff6d2120000-7ff6d2320000 ---p 0001b000 fd:01 11144426                   /usr/lib/jvm/java-8-oracle/jre/lib/amd64/libzip.so
7ff6d2320000-7ff6d2321000 rw-p 0001b000 fd:01 11144426                   /usr/lib/jvm/java-8-oracle/jre/lib/amd64/libzip.so
7ff6d2321000-7ff6d232c000 r-xp 00000000 fd:01 2626342                    /lib/x86_64-linux-gnu/libnss_files-2.23.so
7ff6d232c000-7ff6d252b000 ---p 0000b000 fd:01 2626342                    /lib/x86_64-linux-gnu/libnss_files-2.23.so
7ff6d252b000-7ff6d252c000 r--p 0000a000 fd:01 2626342                    /lib/x86_64-linux-gnu/libnss_files-2.23.so
7ff6d252c000-7ff6d252d000 rw-p 0000b000 fd:01 2626342                    /lib/x86_64-linux-gnu/libnss_files-2.23.so
7ff6d252d000-7ff6d2533000 rw-p 00000000 00:00 0 
7ff6d2533000-7ff6d253e000 r-xp 00000000 fd:01 2626346                    /lib/x86_64-linux-gnu/libnss_nis-2.23.so
7ff6d253e000-7ff6d273d000 ---p 0000b000 fd:01 2626346                    /lib/x86_64-linux-gnu/libnss_nis-2.23.so
7ff6d273d000-7ff6d273e000 r--p 0000a000 fd:01 2626346                    /lib/x86_64-linux-gnu/libnss_nis-2.23.so
7ff6d273e000-7ff6d273f000 rw-p 0000b000 fd:01 2626346                    /lib/x86_64-linux-gnu/libnss_nis-2.23.so
7ff6d273f000-7ff6d2747000 r-xp 00000000 fd:01 2626337                    /lib/x86_64-linux-gnu/libnss_compat-2.23.so
7ff6d2747000-7ff6d2946000 ---p 00008000 fd:01 2626337                    /lib/x86_64-linux-gnu/libnss_compat-2.23.so
7ff6d2946000-7ff6d2947000 r--p 00007000 fd:01 2626337                    /lib/x86_64-linux-gnu/libnss_compat-2.23.so
7ff6d2947000-7ff6d2948000 rw-p 00008000 fd:01 2626337                    /lib/x86_64-linux-gnu/libnss_compat-2.23.so
7ff6d2948000-7ff6d295e000 r-xp 00000000 fd:01 2626326                    /lib/x86_64-linux-gnu/libnsl-2.23.so
7ff6d295e000-7ff6d2b5d000 ---p 00016000 fd:01 2626326                    /lib/x86_64-linux-gnu/libnsl-2.23.so
7ff6d2b5d000-7ff6d2b5e000 r--p 00015000 fd:01 2626326                    /lib/x86_64-linux-gnu/libnsl-2.23.so
7ff6d2b5e000-7ff6d2b5f000 rw-p 00016000 fd:01 2626326                    /lib/x86_64-linux-gnu/libnsl-2.23.so
7ff6d2b5f000-7ff6d2b61000 rw-p 00000000 00:00 0 
7ff6d2b61000-7ff6d2b78000 r-xp 00000000 fd:01 2626333                    /lib/x86_64-linux-gnu/libresolv-2.23.so
7ff6d2b78000-7ff6d2d78000 ---p 00017000 fd:01 2626333                    /lib/x86_64-linux-gnu/libresolv-2.23.so
7ff6d2d78000-7ff6d2d79000 r--p 00017000 fd:01 2626333                    /lib/x86_64-linux-gnu/libresolv-2.23.so
7ff6d2d79000-7ff6d2d7a000 rw-p 00018000 fd:01 2626333                    /lib/x86_64-linux-gnu/libresolv-2.23.so
7ff6d2d7a000-7ff6d2d7c000 rw-p 00000000 00:00 0 
7ff6d2d7c000-7ff6d2dab000 r-xp 00000000 fd:01 2625878                    /lib/libnss_centrifydc.so.2
7ff6d2dab000-7ff6d2faa000 ---p 0002f000 fd:01 2625878                    /lib/libnss_centrifydc.so.2
7ff6d2faa000-7ff6d2fac000 rw-p 0002e000 fd:01 2625878                    /lib/libnss_centrifydc.so.2
7ff6d2fac000-7ff6d2fd7000 r-xp 00000000 fd:01 11144420                   /usr/lib/jvm/java-8-oracle/jre/lib/amd64/libjava.so
7ff6d2fd7000-7ff6d31d6000 ---p 0002b000 fd:01 11144420                   /usr/lib/jvm/java-8-oracle/jre/lib/amd64/libjava.so
7ff6d31d6000-7ff6d31d8000 rw-p 0002a000 fd:01 11144420                   /usr/lib/jvm/java-8-oracle/jre/lib/amd64/libjava.so
7ff6d31d8000-7ff6d31e5000 r-xp 00000000 fd:01 11144425                   /usr/lib/jvm/java-8-oracle/jre/lib/amd64/libverify.so
7ff6d31e5000-7ff6d33e5000 ---p 0000d000 fd:01 11144425                   /usr/lib/jvm/java-8-oracle/jre/lib/amd64/libverify.so
7ff6d33e5000-7ff6d33e7000 rw-p 0000d000 fd:01 11144425                   /usr/lib/jvm/java-8-oracle/jre/lib/amd64/libverify.so
7ff6d33e7000-7ff6d33ee000 r-xp 00000000 fd:01 2626347                    /lib/x86_64-linux-gnu/librt-2.23.so
7ff6d33ee000-7ff6d35ed000 ---p 00007000 fd:01 2626347                    /lib/x86_64-linux-gnu/librt-2.23.so
7ff6d35ed000-7ff6d35ee000 r--p 00006000 fd:01 2626347                    /lib/x86_64-linux-gnu/librt-2.23.so
7ff6d35ee000-7ff6d35ef000 rw-p 00007000 fd:01 2626347                    /lib/x86_64-linux-gnu/librt-2.23.so
7ff6d35ef000-7ff6d36f7000 r-xp 00000000 fd:01 2626100                    /lib/x86_64-linux-gnu/libm-2.23.so
7ff6d36f7000-7ff6d38f6000 ---p 00108000 fd:01 2626100                    /lib/x86_64-linux-gnu/libm-2.23.so
7ff6d38f6000-7ff6d38f7000 r--p 00107000 fd:01 2626100                    /lib/x86_64-linux-gnu/libm-2.23.so
7ff6d38f7000-7ff6d38f8000 rw-p 00108000 fd:01 2626100                    /lib/x86_64-linux-gnu/libm-2.23.so
7ff6d38f8000-7ff6d45d1000 r-xp 00000000 fd:01 11144403                   /usr/lib/jvm/java-8-oracle/jre/lib/amd64/server/libjvm.so
7ff6d45d1000-7ff6d47d0000 ---p 00cd9000 fd:01 11144403                   /usr/lib/jvm/java-8-oracle/jre/lib/amd64/server/libjvm.so
7ff6d47d0000-7ff6d48a9000 rw-p 00cd8000 fd:01 11144403                   /usr/lib/jvm/java-8-oracle/jre/lib/amd64/server/libjvm.so
7ff6d48a9000-7ff6d48f5000 rw-p 00000000 00:00 0 
7ff6d48f5000-7ff6d4ab5000 r-xp 00000000 fd:01 2626329                    /lib/x86_64-linux-gnu/libc-2.23.so
7ff6d4ab5000-7ff6d4cb5000 ---p 001c0000 fd:01 2626329                    /lib/x86_64-linux-gnu/libc-2.23.so
7ff6d4cb5000-7ff6d4cb9000 r--p 001c0000 fd:01 2626329                    /lib/x86_64-linux-gnu/libc-2.23.so
7ff6d4cb9000-7ff6d4cbb000 rw-p 001c4000 fd:01 2626329                    /lib/x86_64-linux-gnu/libc-2.23.so
7ff6d4cbb000-7ff6d4cbf000 rw-p 00000000 00:00 0 
7ff6d4cbf000-7ff6d4cc2000 r-xp 00000000 fd:01 2626331                    /lib/x86_64-linux-gnu/libdl-2.23.so
7ff6d4cc2000-7ff6d4ec1000 ---p 00003000 fd:01 2626331                    /lib/x86_64-linux-gnu/libdl-2.23.so
7ff6d4ec1000-7ff6d4ec2000 r--p 00002000 fd:01 2626331                    /lib/x86_64-linux-gnu/libdl-2.23.so
7ff6d4ec2000-7ff6d4ec3000 rw-p 00003000 fd:01 2626331                    /lib/x86_64-linux-gnu/libdl-2.23.so
7ff6d4ec3000-7ff6d4ed9000 r-xp 00000000 fd:01 11144041                   /usr/lib/jvm/java-8-oracle/lib/amd64/jli/libjli.so
7ff6d4ed9000-7ff6d50d8000 ---p 00016000 fd:01 11144041                   /usr/lib/jvm/java-8-oracle/lib/amd64/jli/libjli.so
7ff6d50d8000-7ff6d50d9000 rw-p 00015000 fd:01 11144041                   /usr/lib/jvm/java-8-oracle/lib/amd64/jli/libjli.so
7ff6d50d9000-7ff6d50f1000 r-xp 00000000 fd:01 2626328                    /lib/x86_64-linux-gnu/libpthread-2.23.so
7ff6d50f1000-7ff6d52f0000 ---p 00018000 fd:01 2626328                    /lib/x86_64-linux-gnu/libpthread-2.23.so
7ff6d52f0000-7ff6d52f1000 r--p 00017000 fd:01 2626328                    /lib/x86_64-linux-gnu/libpthread-2.23.so
7ff6d52f1000-7ff6d52f2000 rw-p 00018000 fd:01 2626328                    /lib/x86_64-linux-gnu/libpthread-2.23.so
7ff6d52f2000-7ff6d52f6000 rw-p 00000000 00:00 0 
7ff6d52f6000-7ff6d531c000 r-xp 00000000 fd:01 2626327                    /lib/x86_64-linux-gnu/ld-2.23.so
7ff6d531c000-7ff6d5329000 r--s 000a5000 fd:01 2097371                    /home/cdominguez/.gradle/caches/modules-2/files-2.1/org.apache.httpcomponents/httpclient/4.5/a1e6cbb3cc2c5f210dd1310ff9fcb2c09c0d1438/httpclient-4.5.jar
7ff6d5329000-7ff6d532b000 r--s 00001000 fd:01 2097305                    /home/cdominguez/.gradle/caches/modules-2/files-2.1/com.fasterxml.jackson.module/jackson-module-parameter-names/2.9.4/5833c819877c3e85bad847f4d2fa4e70379217c6/jackson-module-parameter-names-2.9.4.jar
7ff6d532b000-7ff6d532d000 r--s 00016000 fd:01 2097304                    /home/cdominguez/.gradle/caches/modules-2/files-2.1/com.fasterxml.jackson.datatype/jackson-datatype-jsr310/2.9.4/12d52679a6615c7972ea25bd8ebb60b191fe79b7/jackson-datatype-jsr310-2.9.4.jar
7ff6d532d000-7ff6d53f7000 rw-p 00000000 00:00 0 
7ff6d53f7000-7ff6d53fa000 ---p 00000000 00:00 0 
7ff6d53fa000-7ff6d54fd000 rw-p 00000000 00:00 0 
7ff6d54fd000-7ff6d54ff000 r--s 00007000 fd:01 2097303                    /home/cdominguez/.gradle/caches/modules-2/files-2.1/com.fasterxml.jackson.datatype/jackson-datatype-jdk8/2.9.4/63ac052d52a70a15820d3dc07ea757826fd51d40/jackson-datatype-jdk8-2.9.4.jar
7ff6d54ff000-7ff6d550e000 r--s 000b0000 fd:01 2097292                    /home/cdominguez/.gradle/caches/modules-2/files-2.1/org.springframework/spring-webmvc/5.0.4.RELEASE/addcf1caa22613c474bd6dde8c7134fef940b1f0/spring-webmvc-5.0.4.RELEASE.jar
7ff6d550e000-7ff6d550f000 r--s 00000000 fd:01 2097289                    /home/cdominguez/.gradle/caches/modules-2/files-2.1/org.springframework.boot/spring-boot-starter-json/2.0.0.RELEASE/5a09c939d8bd60d7f163c1c0c20a3127ba9fffa/spring-boot-starter-json-2.0.0.RELEASE.jar
7ff6d550f000-7ff6d5510000 r--s 00000000 fd:01 2097291                    /home/cdominguez/.gradle/caches/modules-2/files-2.1/org.springframework.boot/spring-boot-starter-web/2.0.0.RELEASE/fcb2a9e18f98382e626935841f85ed44d7153615/spring-boot-starter-web-2.0.0.RELEASE.jar
7ff6d5510000-7ff6d5511000 r--s 00006000 fd:01 11146680                   /home/cdominguez/.gradle/caches/4.6/workerMain/gradle-worker.jar
7ff6d5511000-7ff6d5519000 rw-s 00000000 fd:01 2366773                    /tmp/hsperfdata_cdominguez/10274
7ff6d5519000-7ff6d551a000 rw-p 00000000 00:00 0 
7ff6d551a000-7ff6d551b000 ---p 00000000 00:00 0 
7ff6d551b000-7ff6d551c000 r--p 00025000 fd:01 2626327                    /lib/x86_64-linux-gnu/ld-2.23.so
7ff6d551c000-7ff6d551d000 rw-p 00026000 fd:01 2626327                    /lib/x86_64-linux-gnu/ld-2.23.so
7ff6d551d000-7ff6d551e000 rw-p 00000000 00:00 0 
7ffc7045d000-7ffc7047f000 rw-p 00000000 00:00 0                          [stack]
7ffc704d5000-7ffc704d8000 r--p 00000000 00:00 0                          [vvar]
7ffc704d8000-7ffc704da000 r-xp 00000000 00:00 0                          [vdso]
ffffffffff600000-ffffffffff601000 r-xp 00000000 00:00 0                  [vsyscall]

VM Arguments:
jvm_args: -Djava.security.manager=worker.org.gradle.process.internal.worker.child.BootstrapSecurityManager -Dorg.gradle.native=false -Dfile.encoding=UTF-8 -Duser.country=US -Duser.language=en -Duser.variant -ea 
java_command: worker.org.gradle.process.internal.worker.GradleWorkerMain 'Gradle Test Executor 1'
java_class_path (initial): /home/cdominguez/.gradle/caches/4.6/workerMain/gradle-worker.jar
Launcher Type: SUN_STANDARD

Environment Variables:
JAVA_HOME=/usr/lib/jvm/java-8-oracle
PATH=/home/cdominguez/.sdkman/candidates/gradle/current/bin:/opt/maven/bin:/home/cdominguez/.rbenv/shims:/home/cdominguez/.rbenv/bin:/home/cdominguez/bin:/home/cdominguez/.local/bin:/usr/local/sbin:/usr/local/bin:/usr/sbin:/usr/bin:/sbin:/bin:/usr/games:/usr/local/games:/snap/bin:/usr/lib/jvm/java-8-oracle/bin:/usr/lib/jvm/java-8-oracle/db/bin:/usr/lib/jvm/java-8-oracle/jre/bin:/usr/local/go/bin:/home/cdominguez/work/bin:/usr/lib/jvm/java-8-oracle/bin:/usr/share/sbt-launcher-packaging/bin/sbt-launch.jar/bin:/usr/lib/spark/bin:/usr/lib/spark/sbin
SHELL=/bin/bash
DISPLAY=:0

Signal Handlers:
SIGSEGV: [libjvm.so+0xad01e0], sa_mask[0]=11111111011111111101111111111110, sa_flags=SA_RESTART|SA_SIGINFO
SIGBUS: [libjvm.so+0xad01e0], sa_mask[0]=11111111011111111101111111111110, sa_flags=SA_RESTART|SA_SIGINFO
SIGFPE: [libjvm.so+0x927fb0], sa_mask[0]=11111111011111111101111111111110, sa_flags=SA_RESTART|SA_SIGINFO
SIGPIPE: [libjvm.so+0x927fb0], sa_mask[0]=11111111011111111101111111111110, sa_flags=SA_RESTART|SA_SIGINFO
SIGXFSZ: [libjvm.so+0x927fb0], sa_mask[0]=11111111011111111101111111111110, sa_flags=SA_RESTART|SA_SIGINFO
SIGILL: [libjvm.so+0x927fb0], sa_mask[0]=11111111011111111101111111111110, sa_flags=SA_RESTART|SA_SIGINFO
SIGUSR1: SIG_DFL, sa_mask[0]=00000000000000000000000000000000, sa_flags=none
SIGUSR2: [libjvm.so+0x9297f0], sa_mask[0]=00100000000000000000000000000000, sa_flags=SA_RESTART|SA_SIGINFO
SIGHUP: [libjvm.so+0x92abf0], sa_mask[0]=11111111011111111101111111111110, sa_flags=SA_RESTART|SA_SIGINFO
SIGINT: [libjvm.so+0x92abf0], sa_mask[0]=11111111011111111101111111111110, sa_flags=SA_RESTART|SA_SIGINFO
SIGTERM: [libjvm.so+0x92abf0], sa_mask[0]=11111111011111111101111111111110, sa_flags=SA_RESTART|SA_SIGINFO
SIGQUIT: [libjvm.so+0x92abf0], sa_mask[0]=11111111011111111101111111111110, sa_flags=SA_RESTART|SA_SIGINFO


---------------  S Y S T E M  ---------------

OS:DISTRIB_ID=Ubuntu
DISTRIB_RELEASE=16.04
DISTRIB_CODENAME=xenial
DISTRIB_DESCRIPTION="Ubuntu 16.04.4 LTS"

uname:Linux 4.13.0-37-generic #42~16.04.1-Ubuntu SMP Wed Mar 7 16:03:28 UTC 2018 x86_64
libc:glibc 2.23 NPTL 2.23 
rlimit: STACK 8192k, CORE 0k, NPROC 30367, NOFILE 1048576, AS infinity
load average:14,87 4,64 2,94

/proc/meminfo:
MemTotal:        7829276 kB
MemFree:          105436 kB
MemAvailable:       6440 kB
Buffers:             324 kB
Cached:          1070372 kB
SwapCached:        28924 kB
Active:          6318256 kB
Inactive:         911776 kB
Active(anon):    6309936 kB
Inactive(anon):   901488 kB
Active(file):       8320 kB
Inactive(file):    10288 kB
Unevictable:        2516 kB
Mlocked:            2516 kB
SwapTotal:       8040444 kB
SwapFree:              0 kB
Dirty:                 0 kB
Writeback:           112 kB
AnonPages:       6136012 kB
Mapped:           712968 kB
Shmem:           1051828 kB
Slab:             165004 kB
SReclaimable:      59048 kB
SUnreclaim:       105956 kB
KernelStack:       31584 kB
PageTables:       162320 kB
NFS_Unstable:          0 kB
Bounce:                0 kB
WritebackTmp:          0 kB
CommitLimit:    11955080 kB
Committed_AS:   29988668 kB
VmallocTotal:   34359738367 kB
VmallocUsed:           0 kB
VmallocChunk:          0 kB
HardwareCorrupted:     0 kB
AnonHugePages:         0 kB
ShmemHugePages:        0 kB
ShmemPmdMapped:        0 kB
CmaTotal:              0 kB
CmaFree:               0 kB
HugePages_Total:       0
HugePages_Free:        0
HugePages_Rsvd:        0
HugePages_Surp:        0
Hugepagesize:       2048 kB
DirectMap4k:      577992 kB
DirectMap2M:     7467008 kB
DirectMap1G:     1048576 kB


CPU:total 4 (initial active 4) (2 cores per cpu, 2 threads per core) family 6 model 78 stepping 3, cmov, cx8, fxsr, mmx, sse, sse2, sse3, ssse3, sse4.1, sse4.2, popcnt, avx, avx2, aes, clmul, erms, rtm, 3dnowpref, lzcnt, ht, tsc, tscinvbit, bmi1, bmi2, adx

/proc/cpuinfo:
processor	: 0
vendor_id	: GenuineIntel
cpu family	: 6
model		: 78
model name	: Intel(R) Core(TM) i5-6300U CPU @ 2.40GHz
stepping	: 3
microcode	: 0xc2
cpu MHz		: 2500.000
cache size	: 3072 KB
physical id	: 0
siblings	: 4
core id		: 0
cpu cores	: 2
apicid		: 0
initial apicid	: 0
fpu		: yes
fpu_exception	: yes
cpuid level	: 22
wp		: yes
flags		: fpu vme de pse tsc msr pae mce cx8 apic sep mtrr pge mca cmov pat pse36 clflush dts acpi mmx fxsr sse sse2 ss ht tm pbe syscall nx pdpe1gb rdtscp lm constant_tsc art arch_perfmon pebs bts rep_good nopl xtopology nonstop_tsc cpuid aperfmperf tsc_known_freq pni pclmulqdq dtes64 monitor ds_cpl vmx smx est tm2 ssse3 sdbg fma cx16 xtpr pdcm pcid sse4_1 sse4_2 x2apic movbe popcnt tsc_deadline_timer aes xsave avx f16c rdrand lahf_lm abm 3dnowprefetch cpuid_fault epb invpcid_single pti retpoline intel_pt rsb_ctxsw spec_ctrl tpr_shadow vnmi flexpriority ept vpid fsgsbase tsc_adjust bmi1 hle avx2 smep bmi2 erms invpcid rtm mpx rdseed adx smap clflushopt xsaveopt xsavec xgetbv1 xsaves dtherm ida arat pln pts hwp hwp_notify hwp_act_window hwp_epp
bugs		: cpu_meltdown spectre_v1 spectre_v2
bogomips	: 4992.00
clflush size	: 64
cache_alignment	: 64
address sizes	: 39 bits physical, 48 bits virtual
power management:

processor	: 1
vendor_id	: GenuineIntel
cpu family	: 6
model		: 78
model name	: Intel(R) Core(TM) i5-6300U CPU @ 2.40GHz
stepping	: 3
microcode	: 0xc2
cpu MHz		: 2500.000
cache size	: 3072 KB
physical id	: 0
siblings	: 4
core id		: 1
cpu cores	: 2
apicid		: 2
initial apicid	: 2
fpu		: yes
fpu_exception	: yes
cpuid level	: 22
wp		: yes
flags		: fpu vme de pse tsc msr pae mce cx8 apic sep mtrr pge mca cmov pat pse36 clflush dts acpi mmx fxsr sse sse2 ss ht tm pbe syscall nx pdpe1gb rdtscp lm constant_tsc art arch_perfmon pebs bts rep_good nopl xtopology nonstop_tsc cpuid aperfmperf tsc_known_freq pni pclmulqdq dtes64 monitor ds_cpl vmx smx est tm2 ssse3 sdbg fma cx16 xtpr pdcm pcid sse4_1 sse4_2 x2apic movbe popcnt tsc_deadline_timer aes xsave avx f16c rdrand lahf_lm abm 3dnowprefetch cpuid_fault epb invpcid_single pti retpoline intel_pt rsb_ctxsw spec_ctrl tpr_shadow vnmi flexpriority ept vpid fsgsbase tsc_adjust bmi1 hle avx2 smep bmi2 erms invpcid rtm mpx rdseed adx smap clflushopt xsaveopt xsavec xgetbv1 xsaves dtherm ida arat pln pts hwp hwp_notify hwp_act_window hwp_epp
bugs		: cpu_meltdown spectre_v1 spectre_v2
bogomips	: 4992.00
clflush size	: 64
cache_alignment	: 64
address sizes	: 39 bits physical, 48 bits virtual
power management:

processor	: 2
vendor_id	: GenuineIntel
cpu family	: 6
model		: 78
model name	: Intel(R) Core(TM) i5-6300U CPU @ 2.40GHz
stepping	: 3
microcode	: 0xc2
cpu MHz		: 2500.000
cache size	: 3072 KB
physical id	: 0
siblings	: 4
core id		: 0
cpu cores	: 2
apicid		: 1
initial apicid	: 1
fpu		: yes
fpu_exception	: yes
cpuid level	: 22
wp		: yes
flags		: fpu vme de pse tsc msr pae mce cx8 apic sep mtrr pge mca cmov pat pse36 clflush dts acpi mmx fxsr sse sse2 ss ht tm pbe syscall nx pdpe1gb rdtscp lm constant_tsc art arch_perfmon pebs bts rep_good nopl xtopology nonstop_tsc cpuid aperfmperf tsc_known_freq pni pclmulqdq dtes64 monitor ds_cpl vmx smx est tm2 ssse3 sdbg fma cx16 xtpr pdcm pcid sse4_1 sse4_2 x2apic movbe popcnt tsc_deadline_timer aes xsave avx f16c rdrand lahf_lm abm 3dnowprefetch cpuid_fault epb invpcid_single pti retpoline intel_pt rsb_ctxsw spec_ctrl tpr_shadow vnmi flexpriority ept vpid fsgsbase tsc_adjust bmi1 hle avx2 smep bmi2 erms invpcid rtm mpx rdseed adx smap clflushopt xsaveopt xsavec xgetbv1 xsaves dtherm ida arat pln pts hwp hwp_notify hwp_act_window hwp_epp
bugs		: cpu_meltdown spectre_v1 spectre_v2
bogomips	: 4992.00
clflush size	: 64
cache_alignment	: 64
address sizes	: 39 bits physical, 48 bits virtual
power management:

processor	: 3
vendor_id	: GenuineIntel
cpu family	: 6
model		: 78
model name	: Intel(R) Core(TM) i5-6300U CPU @ 2.40GHz
stepping	: 3
microcode	: 0xc2
cpu MHz		: 2500.000
cache size	: 3072 KB
physical id	: 0
siblings	: 4
core id		: 1
cpu cores	: 2
apicid		: 3
initial apicid	: 3
fpu		: yes
fpu_exception	: yes
cpuid level	: 22
wp		: yes
flags		: fpu vme de pse tsc msr pae mce cx8 apic sep mtrr pge mca cmov pat pse36 clflush dts acpi mmx fxsr sse sse2 ss ht tm pbe syscall nx pdpe1gb rdtscp lm constant_tsc art arch_perfmon pebs bts rep_good nopl xtopology nonstop_tsc cpuid aperfmperf tsc_known_freq pni pclmulqdq dtes64 monitor ds_cpl vmx smx est tm2 ssse3 sdbg fma cx16 xtpr pdcm pcid sse4_1 sse4_2 x2apic movbe popcnt tsc_deadline_timer aes xsave avx f16c rdrand lahf_lm abm 3dnowprefetch cpuid_fault epb invpcid_single pti retpoline intel_pt rsb_ctxsw spec_ctrl tpr_shadow vnmi flexpriority ept vpid fsgsbase tsc_adjust bmi1 hle avx2 smep bmi2 erms invpcid rtm mpx rdseed adx smap clflushopt xsaveopt xsavec xgetbv1 xsaves dtherm ida arat pln pts hwp hwp_notify hwp_act_window hwp_epp
bugs		: cpu_meltdown spectre_v1 spectre_v2
bogomips	: 4992.00
clflush size	: 64
cache_alignment	: 64
address sizes	: 39 bits physical, 48 bits virtual
power management:



Memory: 4k page, physical 7829276k(104124k free), swap 8040444k(0k free)

vm_info: Java HotSpot(TM) 64-Bit Server VM (25.161-b12) for linux-amd64 JRE (1.8.0_161-b12), built on Dec 19 2017 16:12:43 by "java_re" with gcc 4.3.0 20080428 (Red Hat 4.3.0-8)

time: Wed Apr  4 12:25:37 2018
elapsed time: 20 seconds (0d 0h 0m 20s)

